Arguments: 
  C:\Program Files\nodejs\node.exe C:\Program Files (x86)\Yarn\bin\yarn.js add unique-string

PATH: 
  C:\Users\ivan.stesic\bin;C:\Program Files\Git\mingw64\bin;C:\Program Files\Git\usr\local\bin;C:\Program Files\Git\usr\bin;C:\Program Files\Git\usr\bin;C:\Program Files\Git\mingw64\bin;C:\Program Files\Git\usr\bin;C:\Users\ivan.stesic\bin;C:\WINDOWS\system32;C:\WINDOWS;C:\WINDOWS\System32\Wbem;C:\WINDOWS\System32\WindowsPowerShell\v1.0;C:\WINDOWS\System32\OpenSSH;C:\Program Files (x86)\ATI Technologies\ATI.ACE\Core-Static;C:\Program Files\Git\cmd;C:\Program Files (x86)\Yarn\bin;C:\Program Files\nodejs;C:\Program Files\dotnet;C:\Users\ivan.stesic\AppData\Local\Microsoft\WindowsApps;C:\Users\ivan.stesic\AppData\Local\Programs\Microsoft VS Code\bin;C:\Users\ivan.stesic\AppData\Local\Yarn\bin;C:\Users\ivan.stesic\AppData\Roaming\npm;C:\Program Files\heroku\bin;C:\Program Files\Git\usr\bin\vendor_perl;C:\Program Files\Git\usr\bin\core_perl

Yarn version: 
  1.22.4

Node version: 
  12.16.1

Platform: 
  win32 x64

Trace: 
  Error: EPERM: operation not permitted, unlink 'C:\Users\ivan.stesic\Desktop\social-network-backend\social-network-backend\node_modules\bcrypt\lib\binding\napi-v3\bcrypt_lib.node'

npm manifest: 
  {
    "name": "social-network-backend",
    "version": "1.0.0",
    "description": "",
    "main": "index.js",
    "scripts": {
      "start": "node src/index.js",
      "start-watch": "nodemon src/index.js",
      "test": "echo \"Error: no test specified\" && exit 1"
    },
    "repository": {
      "type": "git",
      "url": "git+https://github.com/Stesic/social-network-backend.git"
    },
    "keywords": [],
    "author": "",
    "license": "ISC",
    "bugs": {
      "url": "https://github.com/Stesic/social-network-backend/issues"
    },
    "homepage": "https://github.com/Stesic/social-network-backend#readme",
    "devDependencies": {
      "nodemon": "^2.0.3"
    },
    "dependencies": {
      "bcrypt": "^4.0.1",
      "body-parser": "^1.19.0",
      "cors": "^2.8.5",
      "express": "^4.17.1",
      "jsonwebtoken": "^8.5.1",
      "mongoose": "^5.9.9",
      "validator": "^13.0.0"
    }
  }

yarn manifest: 
  No manifest

Lockfile: 
  No lockfile
